<?xml version="1.0" encoding="utf-8"?><testsuites name="pytest tests"><testsuite name="pytest" errors="0" failures="0" skipped="0" tests="39" time="15.353" timestamp="2026-09-03T14:55:47.504943+00:00" hostname="agent-env-13295a1b-bd59-42c8-8cb4-09b43766e375"><testcase classname="tests.backend_test.TestRegression" name="test_root" time="0.303" /><testcase classname="tests.backend_test.TestRegression" name="test_admin_login" time="0.502" /><testcase classname="tests.backend_test.TestRegression" name="test_login_wrong_password" time="0.506" /><testcase classname="tests.backend_test.TestNotifications" name="test_a_personil_create_request_fires_admin_notification" time="1.634" /><testcase classname="tests.backend_test.TestRegression" name="test_auth_me" time="0.168" /><testcase classname="tests.backend_test.TestRegression" name="test_personil_list" time="0.167" /><testcase classname="tests.backend_test.TestNotifications" name="test_b_personil_does_not_see_admin_notifications" time="0.146" /><testcase classname="tests.backend_test.TestNotifications" name="test_c_patch_read_marks_notification_read" time="0.456" /><testcase classname="tests.backend_test.TestRegression" name="test_schedule_generate_and_get" time="0.922" /><testcase classname="tests.backend_test.TestNotifications" name="test_d_patch_read_wrong_owner_returns_404" time="0.185" /><testcase classname="tests.backend_test.TestNotifications" name="test_e_patch_read_requires_auth" time="0.183" /><testcase classname="tests.backend_test.TestRegression" name="test_settings_get_patch" time="0.546" /><testcase classname="tests.backend_test.TestNotifications" name="test_f_read_all_zeros_unread" time="0.661" /><testcase classname="tests.backend_test.TestRegression" name="test_stats" time="0.132" /><testcase classname="tests.backend_test.TestNotifications" name="test_g_admin_self_created_request_still_notifies" time="1.126" /><testcase classname="tests.backend_test.TestNotifications" name="test_h_notifications_requires_auth" time="0.461" /><testcase classname="tests.backend_test.TestPublicSettings" name="test_public_settings_no_auth" time="0.224" /><testcase classname="tests.backend_test.TestPublicSettings" name="test_public_settings_no_sensitive_fields" time="0.312" /><testcase classname="tests.backend_test.TestPublicSettings" name="test_patch_branding_and_reflect_public" time="0.725" /><testcase classname="tests.backend_test.TestConflictAndForce" name="test_a_setup_seed_schedule" time="3.803" /><testcase classname="tests.backend_test.TestPublicSettings" name="test_patch_settings_requires_admin" time="0.161" /><testcase classname="tests.backend_test.TestDecisionNotifiesPersonil" name="test_approve_creates_personil_notification" time="0.820" /><testcase classname="tests.backend_test.TestConflictAndForce" name="test_b_approve_conflict_returns_409" time="0.720" /><testcase classname="tests.backend_test.TestDecisionNotifiesPersonil" name="test_reject_creates_personil_notification" time="0.819" /><testcase classname="tests.backend_test.TestConflictAndForce" name="test_c_force_approve_succeeds" time="0.746" /><testcase classname="tests.backend_test.TestDecisionNotifiesPersonil" name="test_approve_without_note_message_has_no_catatan" time="0.786" /><testcase classname="tests.backend_test.TestConflictAndForce" name="test_d_no_conflict_when_min_lowered" time="0.878" /><testcase classname="tests.backend_test.TestConflictAndForce" name="test_e_penugasan_bypasses_conflict" time="1.975" /><testcase classname="tests.backend_test.TestDecisionNotifiesPersonil" name="test_force_approve_fires_personil_notification" time="4.233" /><testcase classname="tests.backend_test.TestConflictAndForce" name="test_f_reject_unaffected_by_conflict" time="1.270" /><testcase classname="tests.backend_test.TestRequestDecisionAuditAndEmail" name="test_approve_creates_audit_per_day" time="0.571" /><testcase classname="tests.backend_test.TestAuditManual" name="test_manual_edit_creates_audit_before_null_then_prev" time="0.530" /><testcase classname="tests.backend_test.TestRequestDecisionAuditAndEmail" name="test_reject_no_audit_no_schedule_change" time="0.799" /><testcase classname="tests.backend_test.TestAuditManual" name="test_audit_requires_admin" time="0.160" /><testcase classname="tests.backend_test.TestAuditManual" name="test_audit_month_year_filter" time="0.161" /><testcase classname="tests.backend_test.TestSettingsMinActive" name="test_patch_and_get_min_active" time="0.826" /><testcase classname="tests.backend_test.TestRequestDecisionAuditAndEmail" name="test_approve_response_shape" time="0.405" /><testcase classname="tests.backend_test.TestScheduleSummary" name="test_summary_shape_admin" time="0.208" /><testcase classname="tests.backend_test.TestScheduleSummary" name="test_summary_accessible_by_personil" time="0.160" /></testsuite></testsuites>