<?xml version="1.0" encoding="utf-8"?><testsuites name="pytest tests"><testsuite name="pytest" errors="0" failures="0" skipped="0" tests="23" time="10.290" timestamp="2026-09-03T14:33:59.664173+00:00" hostname="agent-env-13295a1b-bd59-42c8-8cb4-09b43766e375"><testcase classname="tests.backend_test.TestRegression" name="test_root" time="0.323" /><testcase classname="tests.backend_test.TestRegression" name="test_admin_login" time="0.537" /><testcase classname="tests.backend_test.TestRegression" name="test_login_wrong_password" time="0.506" /><testcase classname="tests.backend_test.TestRegression" name="test_auth_me" time="0.301" /><testcase classname="tests.backend_test.TestRegression" name="test_personil_list" time="0.424" /><testcase classname="tests.backend_test.TestRegression" name="test_schedule_generate_and_get" time="1.019" /><testcase classname="tests.backend_test.TestRegression" name="test_settings_get_patch" time="0.685" /><testcase classname="tests.backend_test.TestConflictAndForce" name="test_a_setup_seed_schedule" time="4.779" /><testcase classname="tests.backend_test.TestRegression" name="test_stats" time="0.169" /><testcase classname="tests.backend_test.TestAuditManual" name="test_manual_edit_creates_audit_before_null_then_prev" time="0.458" /><testcase classname="tests.backend_test.TestAuditManual" name="test_audit_requires_admin" time="0.146" /><testcase classname="tests.backend_test.TestAuditManual" name="test_audit_month_year_filter" time="0.247" /><testcase classname="tests.backend_test.TestConflictAndForce" name="test_b_approve_conflict_returns_409" time="0.716" /><testcase classname="tests.backend_test.TestRequestDecisionAuditAndEmail" name="test_approve_creates_audit_per_day" time="0.791" /><testcase classname="tests.backend_test.TestConflictAndForce" name="test_c_force_approve_succeeds" time="0.713" /><testcase classname="tests.backend_test.TestRequestDecisionAuditAndEmail" name="test_reject_no_audit_no_schedule_change" time="0.887" /><testcase classname="tests.backend_test.TestConflictAndForce" name="test_d_no_conflict_when_min_lowered" time="0.891" /><testcase classname="tests.backend_test.TestRequestDecisionAuditAndEmail" name="test_approve_response_shape" time="0.469" /><testcase classname="tests.backend_test.TestScheduleSummary" name="test_summary_shape_admin" time="0.168" /><testcase classname="tests.backend_test.TestConflictAndForce" name="test_e_penugasan_bypasses_conflict" time="1.269" /><testcase classname="tests.backend_test.TestScheduleSummary" name="test_summary_accessible_by_personil" time="0.208" /><testcase classname="tests.backend_test.TestSettingsMinActive" name="test_patch_and_get_min_active" time="0.818" /><testcase classname="tests.backend_test.TestConflictAndForce" name="test_f_reject_unaffected_by_conflict" time="1.353" /></testsuite></testsuites>