<?xml version="1.0" encoding="utf-8"?><testsuites name="pytest tests"><testsuite name="pytest" errors="0" failures="0" skipped="0" tests="39" time="20.962" timestamp="2026-09-03T15:08:25.291858+00:00" hostname="agent-env-13295a1b-bd59-42c8-8cb4-09b43766e375"><testcase classname="tests.backend_test.TestRegression" name="test_root" time="0.272" /><testcase classname="tests.backend_test.TestRegression" name="test_admin_login" time="0.505" /><testcase classname="tests.backend_test.TestRegression" name="test_login_wrong_password" time="0.373" /><testcase classname="tests.backend_test.TestRegression" name="test_auth_me" time="0.729" /><testcase classname="tests.backend_test.TestNotifications" name="test_a_personil_create_request_fires_admin_notification" time="2.666" /><testcase classname="tests.backend_test.TestRegression" name="test_personil_list" time="0.140" /><testcase classname="tests.backend_test.TestRegression" name="test_schedule_generate_and_get" time="0.759" /><testcase classname="tests.backend_test.TestNotifications" name="test_b_personil_does_not_see_admin_notifications" time="0.261" /><testcase classname="tests.backend_test.TestRegression" name="test_settings_get_patch" time="0.514" /><testcase classname="tests.backend_test.TestNotifications" name="test_c_patch_read_marks_notification_read" time="0.348" /><testcase classname="tests.backend_test.TestNotifications" name="test_d_patch_read_wrong_owner_returns_404" time="0.152" /><testcase classname="tests.backend_test.TestRegression" name="test_stats" time="0.133" /><testcase classname="tests.backend_test.TestNotifications" name="test_e_patch_read_requires_auth" time="0.193" /><testcase classname="tests.backend_test.TestNotifications" name="test_f_read_all_zeros_unread" time="0.851" /><testcase classname="tests.backend_test.TestNotifications" name="test_g_admin_self_created_request_still_notifies" time="1.193" /><testcase classname="tests.backend_test.TestNotifications" name="test_h_notifications_requires_auth" time="0.365" /><testcase classname="tests.backend_test.TestPublicSettings" name="test_public_settings_no_auth" time="0.229" /><testcase classname="tests.backend_test.TestConflictAndForce" name="test_a_setup_seed_schedule" time="3.890" /><testcase classname="tests.backend_test.TestPublicSettings" name="test_public_settings_no_sensitive_fields" time="1.886" /><testcase classname="tests.backend_test.TestConflictAndForce" name="test_b_approve_conflict_returns_409" time="0.729" /><testcase classname="tests.backend_test.TestConflictAndForce" name="test_c_force_approve_succeeds" time="0.671" /><testcase classname="tests.backend_test.TestPublicSettings" name="test_patch_branding_and_reflect_public" time="0.631" /><testcase classname="tests.backend_test.TestConflictAndForce" name="test_d_no_conflict_when_min_lowered" time="0.679" /><testcase classname="tests.backend_test.TestPublicSettings" name="test_patch_settings_requires_admin" time="0.162" /><testcase classname="tests.backend_test.TestDecisionNotifiesPersonil" name="test_approve_creates_personil_notification" time="3.099" /><testcase classname="tests.backend_test.TestConflictAndForce" name="test_e_penugasan_bypasses_conflict" time="1.176" /><testcase classname="tests.backend_test.TestConflictAndForce" name="test_f_reject_unaffected_by_conflict" time="1.394" /><testcase classname="tests.backend_test.TestAuditManual" name="test_manual_edit_creates_audit_before_null_then_prev" time="0.531" /><testcase classname="tests.backend_test.TestDecisionNotifiesPersonil" name="test_reject_creates_personil_notification" time="1.219" /><testcase classname="tests.backend_test.TestAuditManual" name="test_audit_requires_admin" time="0.184" /><testcase classname="tests.backend_test.TestAuditManual" name="test_audit_month_year_filter" time="0.182" /><testcase classname="tests.backend_test.TestRequestDecisionAuditAndEmail" name="test_approve_creates_audit_per_day" time="0.558" /><testcase classname="tests.backend_test.TestDecisionNotifiesPersonil" name="test_approve_without_note_message_has_no_catatan" time="1.204" /><testcase classname="tests.backend_test.TestRequestDecisionAuditAndEmail" name="test_reject_no_audit_no_schedule_change" time="0.778" /><testcase classname="tests.backend_test.TestRequestDecisionAuditAndEmail" name="test_approve_response_shape" time="0.458" /><testcase classname="tests.backend_test.TestSettingsMinActive" name="test_patch_and_get_min_active" time="0.977" /><testcase classname="tests.backend_test.TestDecisionNotifiesPersonil" name="test_force_approve_fires_personil_notification" time="5.581" /><testcase classname="tests.backend_test.TestScheduleSummary" name="test_summary_shape_admin" time="0.164" /><testcase classname="tests.backend_test.TestScheduleSummary" name="test_summary_accessible_by_personil" time="0.222" /></testsuite></testsuites>