<?xml version="1.0" encoding="utf-8"?><testsuites name="pytest tests"><testsuite name="pytest" errors="0" failures="0" skipped="0" tests="31" time="45.145" timestamp="2026-09-03T14:42:18.766544+00:00" hostname="agent-env-13295a1b-bd59-42c8-8cb4-09b43766e375"><testcase classname="tests.backend_test.TestRegression" name="test_root" time="0.335" /><testcase classname="tests.backend_test.TestRegression" name="test_admin_login" time="0.394" /><testcase classname="tests.backend_test.TestRegression" name="test_login_wrong_password" time="0.424" /><testcase classname="tests.backend_test.TestRegression" name="test_auth_me" time="0.166" /><testcase classname="tests.backend_test.TestRegression" name="test_personil_list" time="0.222" /><testcase classname="tests.backend_test.TestRegression" name="test_schedule_generate_and_get" time="0.724" /><testcase classname="tests.backend_test.TestRegression" name="test_settings_get_patch" time="0.464" /><testcase classname="tests.backend_test.TestRegression" name="test_stats" time="0.177" /><testcase classname="tests.backend_test.TestAuditManual" name="test_manual_edit_creates_audit_before_null_then_prev" time="0.488" /><testcase classname="tests.backend_test.TestAuditManual" name="test_audit_requires_admin" time="0.165" /><testcase classname="tests.backend_test.TestAuditManual" name="test_audit_month_year_filter" time="0.196" /><testcase classname="tests.backend_test.TestRequestDecisionAuditAndEmail" name="test_approve_creates_audit_per_day" time="0.652" /><testcase classname="tests.backend_test.TestRequestDecisionAuditAndEmail" name="test_reject_no_audit_no_schedule_change" time="0.696" /><testcase classname="tests.backend_test.TestRequestDecisionAuditAndEmail" name="test_approve_response_shape" time="0.445" /><testcase classname="tests.backend_test.TestScheduleSummary" name="test_summary_shape_admin" time="0.184" /><testcase classname="tests.backend_test.TestScheduleSummary" name="test_summary_accessible_by_personil" time="0.193" /><testcase classname="tests.backend_test.TestSettingsMinActive" name="test_patch_and_get_min_active" time="0.831" /><testcase classname="tests.backend_test.TestConflictAndForce" name="test_a_setup_seed_schedule" time="3.740" /><testcase classname="tests.backend_test.TestConflictAndForce" name="test_b_approve_conflict_returns_409" time="0.702" /><testcase classname="tests.backend_test.TestConflictAndForce" name="test_c_force_approve_succeeds" time="0.698" /><testcase classname="tests.backend_test.TestConflictAndForce" name="test_d_no_conflict_when_min_lowered" time="0.618" /><testcase classname="tests.backend_test.TestConflictAndForce" name="test_e_penugasan_bypasses_conflict" time="1.193" /><testcase classname="tests.backend_test.TestConflictAndForce" name="test_f_reject_unaffected_by_conflict" time="1.087" /><testcase classname="tests.backend_test.TestNotifications" name="test_a_personil_create_request_fires_admin_notification" time="0.635" /><testcase classname="tests.backend_test.TestNotifications" name="test_b_personil_does_not_see_admin_notifications" time="0.117" /><testcase classname="tests.backend_test.TestNotifications" name="test_c_patch_read_marks_notification_read" time="27.608" /><testcase classname="tests.backend_test.TestNotifications" name="test_d_patch_read_wrong_owner_returns_404" time="0.220" /><testcase classname="tests.backend_test.TestNotifications" name="test_e_patch_read_requires_auth" time="0.148" /><testcase classname="tests.backend_test.TestNotifications" name="test_f_read_all_zeros_unread" time="0.623" /><testcase classname="tests.backend_test.TestNotifications" name="test_g_admin_self_created_request_still_notifies" time="0.660" /><testcase classname="tests.backend_test.TestNotifications" name="test_h_notifications_requires_auth" time="0.273" /></testsuite></testsuites>