<?xml version="1.0" encoding="utf-8"?><testsuites name="pytest tests"><testsuite name="pytest" errors="0" failures="0" skipped="0" tests="14" time="5.554" timestamp="2026-09-03T14:25:28.759020+00:00" hostname="agent-env-13295a1b-bd59-42c8-8cb4-09b43766e375"><testcase classname="tests.backend_test.TestRegression" name="test_root" time="0.334" /><testcase classname="tests.backend_test.TestRegression" name="test_admin_login" time="0.551" /><testcase classname="tests.backend_test.TestRegression" name="test_login_wrong_password" time="0.501" /><testcase classname="tests.backend_test.TestAuditManual" name="test_manual_edit_creates_audit_before_null_then_prev" time="1.863" /><testcase classname="tests.backend_test.TestRegression" name="test_auth_me" time="0.139" /><testcase classname="tests.backend_test.TestRegression" name="test_personil_list" time="0.307" /><testcase classname="tests.backend_test.TestAuditManual" name="test_audit_requires_admin" time="0.429" /><testcase classname="tests.backend_test.TestRegression" name="test_schedule_generate_and_get" time="0.746" /><testcase classname="tests.backend_test.TestAuditManual" name="test_audit_month_year_filter" time="0.138" /><testcase classname="tests.backend_test.TestRequestDecisionAuditAndEmail" name="test_approve_creates_audit_per_day" time="1.153" /><testcase classname="tests.backend_test.TestRegression" name="test_settings_get_patch" time="0.511" /><testcase classname="tests.backend_test.TestRegression" name="test_stats" time="0.149" /><testcase classname="tests.backend_test.TestRequestDecisionAuditAndEmail" name="test_reject_no_audit_no_schedule_change" time="0.871" /><testcase classname="tests.backend_test.TestRequestDecisionAuditAndEmail" name="test_approve_response_shape" time="0.544" /></testsuite></testsuites>